<?xml version="1.0" encoding="UTF-8"?>
<!-- Generated by org.testng.reporters.JUnitReportReporter -->
<testsuite hostname="DESKTOP-MS6R79T" failures="0" tests="4" name="learning.LoginTest" time="14.208" errors="0" timestamp="2021-07-28T17:33:31 CEST" skipped="0">
  <testcase classname="learning.LoginTest" name="LoginTest_enterGoodEmails_changeURL" time="2.698"/>
  <system-out/>
  <testcase classname="learning.LoginTest" name="LoginTest_enterGoodEmails_changeURL" time="2.770"/>
  <system-out/>
  <testcase classname="learning.LoginTest" name="LoginTest_enterWrongEmails_LoginErrorMsg" time="6.096"/>
  <system-out/>
  <testcase classname="learning.LoginTest" name="LoginTest_enterWrongEmails_LoginErrorMsg" time="2.644"/>
  <system-out/>
</testsuite> <!-- learning.LoginTest -->
