<?xml version="1.0" encoding="UTF-8"?>
<!-- Generated by org.testng.reporters.JUnitReportReporter -->
<testsuite hostname="DESKTOP-MS6R79T" failures="0" tests="4" name="cucumberOptions.TestRunner" time="30.679" errors="0" timestamp="2021-07-28T17:33:31 CEST" skipped="0">
  <testcase classname="cucumberOptions.TestRunner" name="runScenario" time="6.916"/>
  <system-out/>
  <testcase classname="cucumberOptions.TestRunner" name="runScenario" time="7.934"/>
  <system-out/>
  <testcase classname="cucumberOptions.TestRunner" name="runScenario" time="8.097"/>
  <system-out/>
  <testcase classname="cucumberOptions.TestRunner" name="runScenario" time="7.732"/>
  <system-out/>
</testsuite> <!-- cucumberOptions.TestRunner -->
