<?xml version="1.0" encoding="UTF-8"?>
<!-- Generated by org.testng.reporters.JUnitReportReporter -->
<testsuite hostname="DESKTOP-MS6R79T" failures="0" tests="1" name="learning.ValidateNavigationBarTest" time="3.274" errors="0" timestamp="2021-07-25T16:52:05 CEST" skipped="0">
  <testcase classname="learning.ValidateNavigationBarTest" name="validateNavBar_checkItsPresent_itsPresent" time="3.274"/>
  <system-out/>
</testsuite> <!-- learning.ValidateNavigationBarTest -->
